2014/08/16 17:12:01 [warning] [application] Failed to set unsafe attribute "username" of "RegisterForm".
in Z:\home\angler\www\protected\controllers\SiteController.php (106)
in Z:\home\angler\www\index.php (13)
2014/08/16 17:12:01 [warning] [application] Failed to set unsafe attribute "email" of "RegisterForm".
in Z:\home\angler\www\protected\controllers\SiteController.php (106)
in Z:\home\angler\www\index.php (13)
2014/08/16 17:12:01 [warning] [application] Failed to set unsafe attribute "password" of "RegisterForm".
in Z:\home\angler\www\protected\controllers\SiteController.php (106)
in Z:\home\angler\www\index.php (13)
2014/08/18 13:18:34 [error] [exception.CDbException] exception 'CDbException' with message 'CDbConnection.connectionString cannot be empty.' in Z:\home\angler\www\framework\db\CDbConnection.php:370
Stack trace:
#0 Z:\home\angler\www\framework\db\CDbConnection.php(330): CDbConnection->open()
#1 Z:\home\angler\www\framework\base\CComponent.php(152): CDbConnection->setActive(true)
#2 Z:\home\angler\www\protected\controllers\SiteController.php(104): CComponent->__set('active', true)
#3 Z:\home\angler\www\framework\web\actions\CInlineAction.php(49): SiteController->actionRegister()
#4 Z:\home\angler\www\framework\web\CController.php(308): CInlineAction->runWithParams(Array)
#5 Z:\home\angler\www\framework\web\CController.php(286): CController->runAction(Object(CInlineAction))
#6 Z:\home\angler\www\framework\web\CController.php(265): CController->runActionWithFilters(Object(CInlineAction), Array)
#7 Z:\home\angler\www\framework\web\CWebApplication.php(282): CController->run('register')
#8 Z:\home\angler\www\framework\web\CWebApplication.php(141): CWebApplication->runController('site/register')
#9 Z:\home\angler\www\framework\base\CApplication.php(180): CWebApplication->processRequest()
#10 Z:\home\angler\www\index.php(13): CApplication->run()
#11 {main}
REQUEST_URI=/index.php?r=site/register
HTTP_REFERER=http://angler/index.php
---
2014/08/18 13:21:08 [error] [exception.CDbException] exception 'CDbException' with message 'CDbConnection.connectionString cannot be empty.' in Z:\home\angler\www\framework\db\CDbConnection.php:370
Stack trace:
#0 Z:\home\angler\www\framework\db\CDbConnection.php(330): CDbConnection->open()
#1 Z:\home\angler\www\framework\base\CComponent.php(152): CDbConnection->setActive(true)
#2 Z:\home\angler\www\protected\controllers\SiteController.php(104): CComponent->__set('active', true)
#3 Z:\home\angler\www\framework\web\actions\CInlineAction.php(49): SiteController->actionRegister()
#4 Z:\home\angler\www\framework\web\CController.php(308): CInlineAction->runWithParams(Array)
#5 Z:\home\angler\www\framework\web\CController.php(286): CController->runAction(Object(CInlineAction))
#6 Z:\home\angler\www\framework\web\CController.php(265): CController->runActionWithFilters(Object(CInlineAction), Array)
#7 Z:\home\angler\www\framework\web\CWebApplication.php(282): CController->run('register')
#8 Z:\home\angler\www\framework\web\CWebApplication.php(141): CWebApplication->runController('site/register')
#9 Z:\home\angler\www\framework\base\CApplication.php(180): CWebApplication->processRequest()
#10 Z:\home\angler\www\index.php(13): CApplication->run()
#11 {main}
REQUEST_URI=/index.php?r=site/register
HTTP_REFERER=http://angler/index.php
---
2014/08/18 13:25:43 [error] [exception.CDbException] exception 'CDbException' with message 'CDbConnection failed to open the DB connection: invalid data source name' in Z:\home\angler\www\framework\db\CDbConnection.php:382
Stack trace:
#0 Z:\home\angler\www\framework\db\CDbConnection.php(330): CDbConnection->open()
#1 Z:\home\angler\www\framework\base\CComponent.php(152): CDbConnection->setActive(true)
#2 Z:\home\angler\www\protected\controllers\SiteController.php(104): CComponent->__set('active', true)
#3 Z:\home\angler\www\framework\web\actions\CInlineAction.php(49): SiteController->actionRegister()
#4 Z:\home\angler\www\framework\web\CController.php(308): CInlineAction->runWithParams(Array)
#5 Z:\home\angler\www\framework\web\CController.php(286): CController->runAction(Object(CInlineAction))
#6 Z:\home\angler\www\framework\web\CController.php(265): CController->runActionWithFilters(Object(CInlineAction), Array)
#7 Z:\home\angler\www\framework\web\CWebApplication.php(282): CController->run('register')
#8 Z:\home\angler\www\framework\web\CWebApplication.php(141): CWebApplication->runController('site/register')
#9 Z:\home\angler\www\framework\base\CApplication.php(180): CWebApplication->processRequest()
#10 Z:\home\angler\www\index.php(13): CApplication->run()
#11 {main}
REQUEST_URI=/index.php?r=site/register
HTTP_REFERER=http://angler/index.php
---
2014/08/18 13:26:14 [error] [exception.CDbException] exception 'CDbException' with message 'CDbConnection failed to open the DB connection: could not find driver' in Z:\home\angler\www\framework\db\CDbConnection.php:382
Stack trace:
#0 Z:\home\angler\www\framework\db\CDbConnection.php(330): CDbConnection->open()
#1 Z:\home\angler\www\framework\base\CComponent.php(152): CDbConnection->setActive(true)
#2 Z:\home\angler\www\protected\controllers\SiteController.php(104): CComponent->__set('active', true)
#3 Z:\home\angler\www\framework\web\actions\CInlineAction.php(49): SiteController->actionRegister()
#4 Z:\home\angler\www\framework\web\CController.php(308): CInlineAction->runWithParams(Array)
#5 Z:\home\angler\www\framework\web\CController.php(286): CController->runAction(Object(CInlineAction))
#6 Z:\home\angler\www\framework\web\CController.php(265): CController->runActionWithFilters(Object(CInlineAction), Array)
#7 Z:\home\angler\www\framework\web\CWebApplication.php(282): CController->run('register')
#8 Z:\home\angler\www\framework\web\CWebApplication.php(141): CWebApplication->runController('site/register')
#9 Z:\home\angler\www\framework\base\CApplication.php(180): CWebApplication->processRequest()
#10 Z:\home\angler\www\index.php(13): CApplication->run()
#11 {main}
REQUEST_URI=/index.php?r=site/register
HTTP_REFERER=http://angler/index.php
---
2014/08/18 13:26:17 [error] [exception.CDbException] exception 'CDbException' with message 'CDbConnection failed to open the DB connection: could not find driver' in Z:\home\angler\www\framework\db\CDbConnection.php:382
Stack trace:
#0 Z:\home\angler\www\framework\db\CDbConnection.php(330): CDbConnection->open()
#1 Z:\home\angler\www\framework\base\CComponent.php(152): CDbConnection->setActive(true)
#2 Z:\home\angler\www\protected\controllers\SiteController.php(104): CComponent->__set('active', true)
#3 Z:\home\angler\www\framework\web\actions\CInlineAction.php(49): SiteController->actionRegister()
#4 Z:\home\angler\www\framework\web\CController.php(308): CInlineAction->runWithParams(Array)
#5 Z:\home\angler\www\framework\web\CController.php(286): CController->runAction(Object(CInlineAction))
#6 Z:\home\angler\www\framework\web\CController.php(265): CController->runActionWithFilters(Object(CInlineAction), Array)
#7 Z:\home\angler\www\framework\web\CWebApplication.php(282): CController->run('register')
#8 Z:\home\angler\www\framework\web\CWebApplication.php(141): CWebApplication->runController('site/register')
#9 Z:\home\angler\www\framework\base\CApplication.php(180): CWebApplication->processRequest()
#10 Z:\home\angler\www\index.php(13): CApplication->run()
#11 {main}
REQUEST_URI=/index.php?r=site/register
HTTP_REFERER=http://angler/index.php
---
2014/08/18 13:26:18 [error] [exception.CDbException] exception 'CDbException' with message 'CDbConnection failed to open the DB connection: could not find driver' in Z:\home\angler\www\framework\db\CDbConnection.php:382
Stack trace:
#0 Z:\home\angler\www\framework\db\CDbConnection.php(330): CDbConnection->open()
#1 Z:\home\angler\www\framework\base\CComponent.php(152): CDbConnection->setActive(true)
#2 Z:\home\angler\www\protected\controllers\SiteController.php(104): CComponent->__set('active', true)
#3 Z:\home\angler\www\framework\web\actions\CInlineAction.php(49): SiteController->actionRegister()
#4 Z:\home\angler\www\framework\web\CController.php(308): CInlineAction->runWithParams(Array)
#5 Z:\home\angler\www\framework\web\CController.php(286): CController->runAction(Object(CInlineAction))
#6 Z:\home\angler\www\framework\web\CController.php(265): CController->runActionWithFilters(Object(CInlineAction), Array)
#7 Z:\home\angler\www\framework\web\CWebApplication.php(282): CController->run('register')
#8 Z:\home\angler\www\framework\web\CWebApplication.php(141): CWebApplication->runController('site/register')
#9 Z:\home\angler\www\framework\base\CApplication.php(180): CWebApplication->processRequest()
#10 Z:\home\angler\www\index.php(13): CApplication->run()
#11 {main}
REQUEST_URI=/index.php?r=site/register
HTTP_REFERER=http://angler/index.php
---
2014/08/18 13:26:18 [error] [exception.CDbException] exception 'CDbException' with message 'CDbConnection failed to open the DB connection: could not find driver' in Z:\home\angler\www\framework\db\CDbConnection.php:382
Stack trace:
#0 Z:\home\angler\www\framework\db\CDbConnection.php(330): CDbConnection->open()
#1 Z:\home\angler\www\framework\base\CComponent.php(152): CDbConnection->setActive(true)
#2 Z:\home\angler\www\protected\controllers\SiteController.php(104): CComponent->__set('active', true)
#3 Z:\home\angler\www\framework\web\actions\CInlineAction.php(49): SiteController->actionRegister()
#4 Z:\home\angler\www\framework\web\CController.php(308): CInlineAction->runWithParams(Array)
#5 Z:\home\angler\www\framework\web\CController.php(286): CController->runAction(Object(CInlineAction))
#6 Z:\home\angler\www\framework\web\CController.php(265): CController->runActionWithFilters(Object(CInlineAction), Array)
#7 Z:\home\angler\www\framework\web\CWebApplication.php(282): CController->run('register')
#8 Z:\home\angler\www\framework\web\CWebApplication.php(141): CWebApplication->runController('site/register')
#9 Z:\home\angler\www\framework\base\CApplication.php(180): CWebApplication->processRequest()
#10 Z:\home\angler\www\index.php(13): CApplication->run()
#11 {main}
REQUEST_URI=/index.php?r=site/register
HTTP_REFERER=http://angler/index.php
---
2014/08/18 13:38:34 [warning] [application] Failed to set unsafe attribute "username" of "RegisterForm".
in Z:\home\angler\www\protected\controllers\SiteController.php (111)
in Z:\home\angler\www\index.php (13)
2014/08/18 13:38:34 [warning] [application] Failed to set unsafe attribute "email" of "RegisterForm".
in Z:\home\angler\www\protected\controllers\SiteController.php (111)
in Z:\home\angler\www\index.php (13)
2014/08/18 13:38:34 [warning] [application] Failed to set unsafe attribute "password" of "RegisterForm".
in Z:\home\angler\www\protected\controllers\SiteController.php (111)
in Z:\home\angler\www\index.php (13)
2014/08/18 13:41:49 [warning] [application] Failed to set unsafe attribute "username" of "RegisterForm".
in Z:\home\angler\www\protected\controllers\SiteController.php (111)
in Z:\home\angler\www\index.php (13)
2014/08/18 13:41:49 [warning] [application] Failed to set unsafe attribute "email" of "RegisterForm".
in Z:\home\angler\www\protected\controllers\SiteController.php (111)
in Z:\home\angler\www\index.php (13)
2014/08/18 13:41:49 [warning] [application] Failed to set unsafe attribute "password" of "RegisterForm".
in Z:\home\angler\www\protected\controllers\SiteController.php (111)
in Z:\home\angler\www\index.php (13)
2014/08/18 13:41:50 [warning] [application] Failed to set unsafe attribute "username" of "RegisterForm".
in Z:\home\angler\www\protected\controllers\SiteController.php (111)
in Z:\home\angler\www\index.php (13)
2014/08/18 13:41:50 [warning] [application] Failed to set unsafe attribute "email" of "RegisterForm".
in Z:\home\angler\www\protected\controllers\SiteController.php (111)
in Z:\home\angler\www\index.php (13)
2014/08/18 13:41:50 [warning] [application] Failed to set unsafe attribute "password" of "RegisterForm".
in Z:\home\angler\www\protected\controllers\SiteController.php (111)
in Z:\home\angler\www\index.php (13)
2014/08/18 13:45:12 [warning] [application] Failed to set unsafe attribute "username" of "RegisterForm".
in Z:\home\angler\www\protected\controllers\SiteController.php (111)
in Z:\home\angler\www\index.php (13)
2014/08/18 13:45:12 [warning] [application] Failed to set unsafe attribute "email" of "RegisterForm".
in Z:\home\angler\www\protected\controllers\SiteController.php (111)
in Z:\home\angler\www\index.php (13)
2014/08/18 13:45:12 [warning] [application] Failed to set unsafe attribute "password" of "RegisterForm".
in Z:\home\angler\www\protected\controllers\SiteController.php (111)
in Z:\home\angler\www\index.php (13)
2014/08/18 13:58:05 [warning] [application] Failed to set unsafe attribute "username" of "RegisterForm".
in Z:\home\angler\www\protected\controllers\SiteController.php (122)
in Z:\home\angler\www\index.php (13)
2014/08/18 13:58:05 [warning] [application] Failed to set unsafe attribute "email" of "RegisterForm".
in Z:\home\angler\www\protected\controllers\SiteController.php (122)
in Z:\home\angler\www\index.php (13)
2014/08/18 13:58:05 [warning] [application] Failed to set unsafe attribute "password" of "RegisterForm".
in Z:\home\angler\www\protected\controllers\SiteController.php (122)
in Z:\home\angler\www\index.php (13)
2014/08/18 14:01:32 [error] [system.db.CDbCommand] CDbCommand::execute() failed: SQLSTATE[21S01]: Insert value list does not match column list: 1136 Column count doesn't match value count at row 1. The SQL statement executed was: INSERT INTO `user` () VALUES (NULL).
in Z:\home\angler\www\protected\controllers\SiteController.php (123)
in Z:\home\angler\www\index.php (13)
2014/08/18 14:01:32 [error] [exception.CDbException] exception 'CDbException' with message 'CDbCommand failed to execute the SQL statement: SQLSTATE[21S01]: Insert value list does not match column list: 1136 Column count doesn't match value count at row 1. The SQL statement executed was: INSERT INTO `user` () VALUES (NULL)' in Z:\home\angler\www\framework\db\CDbCommand.php:358
Stack trace:
#0 Z:\home\angler\www\framework\db\ar\CActiveRecord.php(1077): CDbCommand->execute()
#1 Z:\home\angler\www\framework\db\ar\CActiveRecord.php(806): CActiveRecord->insert(NULL)
#2 Z:\home\angler\www\protected\controllers\SiteController.php(123): CActiveRecord->save()
#3 Z:\home\angler\www\framework\web\actions\CInlineAction.php(49): SiteController->actionRegister()
#4 Z:\home\angler\www\framework\web\CController.php(308): CInlineAction->runWithParams(Array)
#5 Z:\home\angler\www\framework\web\CController.php(286): CController->runAction(Object(CInlineAction))
#6 Z:\home\angler\www\framework\web\CController.php(265): CController->runActionWithFilters(Object(CInlineAction), Array)
#7 Z:\home\angler\www\framework\web\CWebApplication.php(282): CController->run('register')
#8 Z:\home\angler\www\framework\web\CWebApplication.php(141): CWebApplication->runController('site/register')
#9 Z:\home\angler\www\framework\base\CApplication.php(180): CWebApplication->processRequest()
#10 Z:\home\angler\www\index.php(13): CApplication->run()
#11 {main}
REQUEST_URI=/index.php?r=site/register
HTTP_REFERER=http://angler/index.php?r=site/index
---
2014/08/18 14:02:50 [warning] [application] Failed to set unsafe attribute "username" of "RegisterForm".
in Z:\home\angler\www\protected\controllers\SiteController.php (128)
in Z:\home\angler\www\index.php (13)
2014/08/18 14:02:50 [warning] [application] Failed to set unsafe attribute "email" of "RegisterForm".
in Z:\home\angler\www\protected\controllers\SiteController.php (128)
in Z:\home\angler\www\index.php (13)
2014/08/18 14:02:50 [warning] [application] Failed to set unsafe attribute "password" of "RegisterForm".
in Z:\home\angler\www\protected\controllers\SiteController.php (128)
in Z:\home\angler\www\index.php (13)
2014/08/18 14:08:30 [warning] [application] Failed to set unsafe attribute "username" of "RegisterForm".
in Z:\home\angler\www\protected\controllers\SiteController.php (128)
in Z:\home\angler\www\index.php (13)
2014/08/18 14:08:30 [warning] [application] Failed to set unsafe attribute "email" of "RegisterForm".
in Z:\home\angler\www\protected\controllers\SiteController.php (128)
in Z:\home\angler\www\index.php (13)
2014/08/18 14:08:30 [warning] [application] Failed to set unsafe attribute "password" of "RegisterForm".
in Z:\home\angler\www\protected\controllers\SiteController.php (128)
in Z:\home\angler\www\index.php (13)
2014/08/18 14:13:04 [warning] [application] Failed to set unsafe attribute "username" of "RegisterForm".
in Z:\home\angler\www\protected\controllers\SiteController.php (117)
in Z:\home\angler\www\index.php (13)
2014/08/18 14:13:04 [warning] [application] Failed to set unsafe attribute "email" of "RegisterForm".
in Z:\home\angler\www\protected\controllers\SiteController.php (117)
in Z:\home\angler\www\index.php (13)
2014/08/18 14:13:04 [warning] [application] Failed to set unsafe attribute "password" of "RegisterForm".
in Z:\home\angler\www\protected\controllers\SiteController.php (117)
in Z:\home\angler\www\index.php (13)
2014/08/18 14:13:04 [warning] [application] Failed to set unsafe attribute "username" of "RegisterForm".
in Z:\home\angler\www\protected\controllers\SiteController.php (126)
in Z:\home\angler\www\index.php (13)
2014/08/18 14:13:04 [warning] [application] Failed to set unsafe attribute "email" of "RegisterForm".
in Z:\home\angler\www\protected\controllers\SiteController.php (126)
in Z:\home\angler\www\index.php (13)
2014/08/18 14:13:04 [warning] [application] Failed to set unsafe attribute "password" of "RegisterForm".
in Z:\home\angler\www\protected\controllers\SiteController.php (126)
in Z:\home\angler\www\index.php (13)
2014/08/18 14:14:11 [warning] [application] Failed to set unsafe attribute "username" of "RegisterForm".
in Z:\home\angler\www\protected\controllers\SiteController.php (117)
in Z:\home\angler\www\index.php (13)
2014/08/18 14:14:11 [warning] [application] Failed to set unsafe attribute "email" of "RegisterForm".
in Z:\home\angler\www\protected\controllers\SiteController.php (117)
in Z:\home\angler\www\index.php (13)
2014/08/18 14:14:11 [warning] [application] Failed to set unsafe attribute "password" of "RegisterForm".
in Z:\home\angler\www\protected\controllers\SiteController.php (117)
in Z:\home\angler\www\index.php (13)
2014/08/18 14:14:11 [warning] [application] Failed to set unsafe attribute "username" of "RegisterForm".
in Z:\home\angler\www\protected\controllers\SiteController.php (126)
in Z:\home\angler\www\index.php (13)
2014/08/18 14:14:11 [warning] [application] Failed to set unsafe attribute "email" of "RegisterForm".
in Z:\home\angler\www\protected\controllers\SiteController.php (126)
in Z:\home\angler\www\index.php (13)
2014/08/18 14:14:11 [warning] [application] Failed to set unsafe attribute "password" of "RegisterForm".
in Z:\home\angler\www\protected\controllers\SiteController.php (126)
in Z:\home\angler\www\index.php (13)
2014/08/18 14:15:19 [warning] [application] Failed to set unsafe attribute "username" of "RegisterForm".
in Z:\home\angler\www\protected\controllers\SiteController.php (117)
in Z:\home\angler\www\index.php (13)
2014/08/18 14:15:19 [warning] [application] Failed to set unsafe attribute "email" of "RegisterForm".
in Z:\home\angler\www\protected\controllers\SiteController.php (117)
in Z:\home\angler\www\index.php (13)
2014/08/18 14:15:19 [warning] [application] Failed to set unsafe attribute "password" of "RegisterForm".
in Z:\home\angler\www\protected\controllers\SiteController.php (117)
in Z:\home\angler\www\index.php (13)
2014/08/18 14:15:19 [warning] [application] Failed to set unsafe attribute "username" of "RegisterForm".
in Z:\home\angler\www\protected\controllers\SiteController.php (126)
in Z:\home\angler\www\index.php (13)
2014/08/18 14:15:19 [warning] [application] Failed to set unsafe attribute "email" of "RegisterForm".
in Z:\home\angler\www\protected\controllers\SiteController.php (126)
in Z:\home\angler\www\index.php (13)
2014/08/18 14:15:19 [warning] [application] Failed to set unsafe attribute "password" of "RegisterForm".
in Z:\home\angler\www\protected\controllers\SiteController.php (126)
in Z:\home\angler\www\index.php (13)
2014/08/18 14:21:55 [warning] [application] Failed to set unsafe attribute "username" of "RegisterForm".
in Z:\home\angler\www\protected\controllers\SiteController.php (123)
in Z:\home\angler\www\index.php (13)
2014/08/18 14:21:55 [warning] [application] Failed to set unsafe attribute "email" of "RegisterForm".
in Z:\home\angler\www\protected\controllers\SiteController.php (123)
in Z:\home\angler\www\index.php (13)
2014/08/18 14:21:55 [warning] [application] Failed to set unsafe attribute "password" of "RegisterForm".
in Z:\home\angler\www\protected\controllers\SiteController.php (123)
in Z:\home\angler\www\index.php (13)
2014/08/18 14:21:55 [error] [system.db.CDbCommand] CDbCommand::execute() failed: SQLSTATE[21S01]: Insert value list does not match column list: 1136 Column count doesn't match value count at row 1. The SQL statement executed was: INSERT INTO `user` () VALUES (NULL).
in Z:\home\angler\www\protected\controllers\SiteController.php (127)
in Z:\home\angler\www\index.php (13)
2014/08/18 14:21:55 [error] [exception.CDbException] exception 'CDbException' with message 'CDbCommand failed to execute the SQL statement: SQLSTATE[21S01]: Insert value list does not match column list: 1136 Column count doesn't match value count at row 1. The SQL statement executed was: INSERT INTO `user` () VALUES (NULL)' in Z:\home\angler\www\framework\db\CDbCommand.php:358
Stack trace:
#0 Z:\home\angler\www\framework\db\ar\CActiveRecord.php(1077): CDbCommand->execute()
#1 Z:\home\angler\www\framework\db\ar\CActiveRecord.php(806): CActiveRecord->insert(NULL)
#2 Z:\home\angler\www\protected\controllers\SiteController.php(127): CActiveRecord->save()
#3 Z:\home\angler\www\framework\web\actions\CInlineAction.php(49): SiteController->actionRegister()
#4 Z:\home\angler\www\framework\web\CController.php(308): CInlineAction->runWithParams(Array)
#5 Z:\home\angler\www\framework\web\CController.php(286): CController->runAction(Object(CInlineAction))
#6 Z:\home\angler\www\framework\web\CController.php(265): CController->runActionWithFilters(Object(CInlineAction), Array)
#7 Z:\home\angler\www\framework\web\CWebApplication.php(282): CController->run('register')
#8 Z:\home\angler\www\framework\web\CWebApplication.php(141): CWebApplication->runController('site/register')
#9 Z:\home\angler\www\framework\base\CApplication.php(180): CWebApplication->processRequest()
#10 Z:\home\angler\www\index.php(13): CApplication->run()
#11 {main}
REQUEST_URI=/index.php?r=site/register
HTTP_REFERER=http://angler/index.php?r=site/register
---
2014/08/18 14:26:55 [warning] [application] Failed to set unsafe attribute "username" of "RegisterForm".
in Z:\home\angler\www\protected\controllers\SiteController.php (123)
in Z:\home\angler\www\index.php (13)
2014/08/18 14:26:55 [warning] [application] Failed to set unsafe attribute "email" of "RegisterForm".
in Z:\home\angler\www\protected\controllers\SiteController.php (123)
in Z:\home\angler\www\index.php (13)
2014/08/18 14:26:55 [warning] [application] Failed to set unsafe attribute "password" of "RegisterForm".
in Z:\home\angler\www\protected\controllers\SiteController.php (123)
in Z:\home\angler\www\index.php (13)
2014/08/18 14:46:13 [warning] [application] Failed to set unsafe attribute "username" of "RegisterForm".
in Z:\home\angler\www\protected\controllers\SiteController.php (123)
in Z:\home\angler\www\index.php (13)
2014/08/18 14:46:13 [warning] [application] Failed to set unsafe attribute "email" of "RegisterForm".
in Z:\home\angler\www\protected\controllers\SiteController.php (123)
in Z:\home\angler\www\index.php (13)
2014/08/18 14:46:13 [warning] [application] Failed to set unsafe attribute "password" of "RegisterForm".
in Z:\home\angler\www\protected\controllers\SiteController.php (123)
in Z:\home\angler\www\index.php (13)
2014/08/18 14:46:13 [error] [exception.CException] exception 'CException' with message 'RegisterForm and its behaviors do not have a method or closure named "save".' in Z:\home\angler\www\framework\base\CComponent.php:266
Stack trace:
#0 Z:\home\angler\www\protected\controllers\SiteController.php(127): CComponent->__call('save', Array)
#1 Z:\home\angler\www\protected\controllers\SiteController.php(127): RegisterForm->save()
#2 Z:\home\angler\www\framework\web\actions\CInlineAction.php(49): SiteController->actionRegister()
#3 Z:\home\angler\www\framework\web\CController.php(308): CInlineAction->runWithParams(Array)
#4 Z:\home\angler\www\framework\web\CController.php(286): CController->runAction(Object(CInlineAction))
#5 Z:\home\angler\www\framework\web\CController.php(265): CController->runActionWithFilters(Object(CInlineAction), Array)
#6 Z:\home\angler\www\framework\web\CWebApplication.php(282): CController->run('register')
#7 Z:\home\angler\www\framework\web\CWebApplication.php(141): CWebApplication->runController('site/register')
#8 Z:\home\angler\www\framework\base\CApplication.php(180): CWebApplication->processRequest()
#9 Z:\home\angler\www\index.php(13): CApplication->run()
#10 {main}
REQUEST_URI=/index.php?r=site/register
HTTP_REFERER=http://angler/index.php?r=site/register
---
2014/08/18 14:51:55 [warning] [application] Failed to set unsafe attribute "username" of "RegisterForm".
in Z:\home\angler\www\protected\controllers\SiteController.php (123)
in Z:\home\angler\www\index.php (13)
2014/08/18 14:51:55 [warning] [application] Failed to set unsafe attribute "email" of "RegisterForm".
in Z:\home\angler\www\protected\controllers\SiteController.php (123)
in Z:\home\angler\www\index.php (13)
2014/08/18 14:51:55 [warning] [application] Failed to set unsafe attribute "password" of "RegisterForm".
in Z:\home\angler\www\protected\controllers\SiteController.php (123)
in Z:\home\angler\www\index.php (13)
2014/08/18 14:56:51 [error] [exception.CDbException] exception 'CDbException' with message 'CDbConnection failed to open the DB connection: SQLSTATE[42000] [1049] Unknown database 'angler'' in W:\home\angler\www\framework\db\CDbConnection.php:382
Stack trace:
#0 W:\home\angler\www\framework\db\CDbConnection.php(330): CDbConnection->open()
#1 W:\home\angler\www\framework\base\CComponent.php(152): CDbConnection->setActive(true)
#2 W:\home\angler\www\protected\controllers\SiteController.php(118): CComponent->__set('active', true)
#3 W:\home\angler\www\framework\web\actions\CInlineAction.php(49): SiteController->actionRegister()
#4 W:\home\angler\www\framework\web\CController.php(308): CInlineAction->runWithParams(Array)
#5 W:\home\angler\www\framework\web\CController.php(286): CController->runAction(Object(CInlineAction))
#6 W:\home\angler\www\framework\web\CController.php(265): CController->runActionWithFilters(Object(CInlineAction), Array)
#7 W:\home\angler\www\framework\web\CWebApplication.php(282): CController->run('register')
#8 W:\home\angler\www\framework\web\CWebApplication.php(141): CWebApplication->runController('site/register')
#9 W:\home\angler\www\framework\base\CApplication.php(180): CWebApplication->processRequest()
#10 W:\home\angler\www\index.php(13): CApplication->run()
#11 {main}
REQUEST_URI=/index.php?r=site/register
HTTP_REFERER=http://angler/
---
