2014/08/16 17:12:01 [warning] [application] Failed to set unsafe attribute "username" of "RegisterForm".
in Z:\home\angler\www\protected\controllers\SiteController.php (106)
in Z:\home\angler\www\index.php (13)
2014/08/16 17:12:01 [warning] [application] Failed to set unsafe attribute "email" of "RegisterForm".
in Z:\home\angler\www\protected\controllers\SiteController.php (106)
in Z:\home\angler\www\index.php (13)
2014/08/16 17:12:01 [warning] [application] Failed to set unsafe attribute "password" of "RegisterForm".
in Z:\home\angler\www\protected\controllers\SiteController.php (106)
in Z:\home\angler\www\index.php (13)
2014/08/18 13:18:34 [error] [exception.CDbException] exception 'CDbException' with message 'CDbConnection.connectionString cannot be empty.' in Z:\home\angler\www\framework\db\CDbConnection.php:370
Stack trace:
#0 Z:\home\angler\www\framework\db\CDbConnection.php(330): CDbConnection->open()
#1 Z:\home\angler\www\framework\base\CComponent.php(152): CDbConnection->setActive(true)
#2 Z:\home\angler\www\protected\controllers\SiteController.php(104): CComponent->__set('active', true)
#3 Z:\home\angler\www\framework\web\actions\CInlineAction.php(49): SiteController->actionRegister()
#4 Z:\home\angler\www\framework\web\CController.php(308): CInlineAction->runWithParams(Array)
#5 Z:\home\angler\www\framework\web\CController.php(286): CController->runAction(Object(CInlineAction))
#6 Z:\home\angler\www\framework\web\CController.php(265): CController->runActionWithFilters(Object(CInlineAction), Array)
#7 Z:\home\angler\www\framework\web\CWebApplication.php(282): CController->run('register')
#8 Z:\home\angler\www\framework\web\CWebApplication.php(141): CWebApplication->runController('site/register')
#9 Z:\home\angler\www\framework\base\CApplication.php(180): CWebApplication->processRequest()
#10 Z:\home\angler\www\index.php(13): CApplication->run()
#11 {main}
REQUEST_URI=/index.php?r=site/register
HTTP_REFERER=http://angler/index.php
---
2014/08/18 13:21:08 [error] [exception.CDbException] exception 'CDbException' with message 'CDbConnection.connectionString cannot be empty.' in Z:\home\angler\www\framework\db\CDbConnection.php:370
Stack trace:
#0 Z:\home\angler\www\framework\db\CDbConnection.php(330): CDbConnection->open()
#1 Z:\home\angler\www\framework\base\CComponent.php(152): CDbConnection->setActive(true)
#2 Z:\home\angler\www\protected\controllers\SiteController.php(104): CComponent->__set('active', true)
#3 Z:\home\angler\www\framework\web\actions\CInlineAction.php(49): SiteController->actionRegister()
#4 Z:\home\angler\www\framework\web\CController.php(308): CInlineAction->runWithParams(Array)
#5 Z:\home\angler\www\framework\web\CController.php(286): CController->runAction(Object(CInlineAction))
#6 Z:\home\angler\www\framework\web\CController.php(265): CController->runActionWithFilters(Object(CInlineAction), Array)
#7 Z:\home\angler\www\framework\web\CWebApplication.php(282): CController->run('register')
#8 Z:\home\angler\www\framework\web\CWebApplication.php(141): CWebApplication->runController('site/register')
#9 Z:\home\angler\www\framework\base\CApplication.php(180): CWebApplication->processRequest()
#10 Z:\home\angler\www\index.php(13): CApplication->run()
#11 {main}
REQUEST_URI=/index.php?r=site/register
HTTP_REFERER=http://angler/index.php
---
2014/08/18 13:25:43 [error] [exception.CDbException] exception 'CDbException' with message 'CDbConnection failed to open the DB connection: invalid data source name' in Z:\home\angler\www\framework\db\CDbConnection.php:382
Stack trace:
#0 Z:\home\angler\www\framework\db\CDbConnection.php(330): CDbConnection->open()
#1 Z:\home\angler\www\framework\base\CComponent.php(152): CDbConnection->setActive(true)
#2 Z:\home\angler\www\protected\controllers\SiteController.php(104): CComponent->__set('active', true)
#3 Z:\home\angler\www\framework\web\actions\CInlineAction.php(49): SiteController->actionRegister()
#4 Z:\home\angler\www\framework\web\CController.php(308): CInlineAction->runWithParams(Array)
#5 Z:\home\angler\www\framework\web\CController.php(286): CController->runAction(Object(CInlineAction))
#6 Z:\home\angler\www\framework\web\CController.php(265): CController->runActionWithFilters(Object(CInlineAction), Array)
#7 Z:\home\angler\www\framework\web\CWebApplication.php(282): CController->run('register')
#8 Z:\home\angler\www\framework\web\CWebApplication.php(141): CWebApplication->runController('site/register')
#9 Z:\home\angler\www\framework\base\CApplication.php(180): CWebApplication->processRequest()
#10 Z:\home\angler\www\index.php(13): CApplication->run()
#11 {main}
REQUEST_URI=/index.php?r=site/register
HTTP_REFERER=http://angler/index.php
---
2014/08/18 13:26:14 [error] [exception.CDbException] exception 'CDbException' with message 'CDbConnection failed to open the DB connection: could not find driver' in Z:\home\angler\www\framework\db\CDbConnection.php:382
Stack trace:
#0 Z:\home\angler\www\framework\db\CDbConnection.php(330): CDbConnection->open()
#1 Z:\home\angler\www\framework\base\CComponent.php(152): CDbConnection->setActive(true)
#2 Z:\home\angler\www\protected\controllers\SiteController.php(104): CComponent->__set('active', true)
#3 Z:\home\angler\www\framework\web\actions\CInlineAction.php(49): SiteController->actionRegister()
#4 Z:\home\angler\www\framework\web\CController.php(308): CInlineAction->runWithParams(Array)
#5 Z:\home\angler\www\framework\web\CController.php(286): CController->runAction(Object(CInlineAction))
#6 Z:\home\angler\www\framework\web\CController.php(265): CController->runActionWithFilters(Object(CInlineAction), Array)
#7 Z:\home\angler\www\framework\web\CWebApplication.php(282): CController->run('register')
#8 Z:\home\angler\www\framework\web\CWebApplication.php(141): CWebApplication->runController('site/register')
#9 Z:\home\angler\www\framework\base\CApplication.php(180): CWebApplication->processRequest()
#10 Z:\home\angler\www\index.php(13): CApplication->run()
#11 {main}
REQUEST_URI=/index.php?r=site/register
HTTP_REFERER=http://angler/index.php
---
2014/08/18 13:26:17 [error] [exception.CDbException] exception 'CDbException' with message 'CDbConnection failed to open the DB connection: could not find driver' in Z:\home\angler\www\framework\db\CDbConnection.php:382
Stack trace:
#0 Z:\home\angler\www\framework\db\CDbConnection.php(330): CDbConnection->open()
#1 Z:\home\angler\www\framework\base\CComponent.php(152): CDbConnection->setActive(true)
#2 Z:\home\angler\www\protected\controllers\SiteController.php(104): CComponent->__set('active', true)
#3 Z:\home\angler\www\framework\web\actions\CInlineAction.php(49): SiteController->actionRegister()
#4 Z:\home\angler\www\framework\web\CController.php(308): CInlineAction->runWithParams(Array)
#5 Z:\home\angler\www\framework\web\CController.php(286): CController->runAction(Object(CInlineAction))
#6 Z:\home\angler\www\framework\web\CController.php(265): CController->runActionWithFilters(Object(CInlineAction), Array)
#7 Z:\home\angler\www\framework\web\CWebApplication.php(282): CController->run('register')
#8 Z:\home\angler\www\framework\web\CWebApplication.php(141): CWebApplication->runController('site/register')
#9 Z:\home\angler\www\framework\base\CApplication.php(180): CWebApplication->processRequest()
#10 Z:\home\angler\www\index.php(13): CApplication->run()
#11 {main}
REQUEST_URI=/index.php?r=site/register
HTTP_REFERER=http://angler/index.php
---
2014/08/18 13:26:18 [error] [exception.CDbException] exception 'CDbException' with message 'CDbConnection failed to open the DB connection: could not find driver' in Z:\home\angler\www\framework\db\CDbConnection.php:382
Stack trace:
#0 Z:\home\angler\www\framework\db\CDbConnection.php(330): CDbConnection->open()
#1 Z:\home\angler\www\framework\base\CComponent.php(152): CDbConnection->setActive(true)
#2 Z:\home\angler\www\protected\controllers\SiteController.php(104): CComponent->__set('active', true)
#3 Z:\home\angler\www\framework\web\actions\CInlineAction.php(49): SiteController->actionRegister()
#4 Z:\home\angler\www\framework\web\CController.php(308): CInlineAction->runWithParams(Array)
#5 Z:\home\angler\www\framework\web\CController.php(286): CController->runAction(Object(CInlineAction))
#6 Z:\home\angler\www\framework\web\CController.php(265): CController->runActionWithFilters(Object(CInlineAction), Array)
#7 Z:\home\angler\www\framework\web\CWebApplication.php(282): CController->run('register')
#8 Z:\home\angler\www\framework\web\CWebApplication.php(141): CWebApplication->runController('site/register')
#9 Z:\home\angler\www\framework\base\CApplication.php(180): CWebApplication->processRequest()
#10 Z:\home\angler\www\index.php(13): CApplication->run()
#11 {main}
REQUEST_URI=/index.php?r=site/register
HTTP_REFERER=http://angler/index.php
---
2014/08/18 13:26:18 [error] [exception.CDbException] exception 'CDbException' with message 'CDbConnection failed to open the DB connection: could not find driver' in Z:\home\angler\www\framework\db\CDbConnection.php:382
Stack trace:
#0 Z:\home\angler\www\framework\db\CDbConnection.php(330): CDbConnection->open()
#1 Z:\home\angler\www\framework\base\CComponent.php(152): CDbConnection->setActive(true)
#2 Z:\home\angler\www\protected\controllers\SiteController.php(104): CComponent->__set('active', true)
#3 Z:\home\angler\www\framework\web\actions\CInlineAction.php(49): SiteController->actionRegister()
#4 Z:\home\angler\www\framework\web\CController.php(308): CInlineAction->runWithParams(Array)
#5 Z:\home\angler\www\framework\web\CController.php(286): CController->runAction(Object(CInlineAction))
#6 Z:\home\angler\www\framework\web\CController.php(265): CController->runActionWithFilters(Object(CInlineAction), Array)
#7 Z:\home\angler\www\framework\web\CWebApplication.php(282): CController->run('register')
#8 Z:\home\angler\www\framework\web\CWebApplication.php(141): CWebApplication->runController('site/register')
#9 Z:\home\angler\www\framework\base\CApplication.php(180): CWebApplication->processRequest()
#10 Z:\home\angler\www\index.php(13): CApplication->run()
#11 {main}
REQUEST_URI=/index.php?r=site/register
HTTP_REFERER=http://angler/index.php
---
2014/08/18 13:38:34 [warning] [application] Failed to set unsafe attribute "username" of "RegisterForm".
in Z:\home\angler\www\protected\controllers\SiteController.php (111)
in Z:\home\angler\www\index.php (13)
2014/08/18 13:38:34 [warning] [application] Failed to set unsafe attribute "email" of "RegisterForm".
in Z:\home\angler\www\protected\controllers\SiteController.php (111)
in Z:\home\angler\www\index.php (13)
2014/08/18 13:38:34 [warning] [application] Failed to set unsafe attribute "password" of "RegisterForm".
in Z:\home\angler\www\protected\controllers\SiteController.php (111)
in Z:\home\angler\www\index.php (13)
2014/08/18 13:41:49 [warning] [application] Failed to set unsafe attribute "username" of "RegisterForm".
in Z:\home\angler\www\protected\controllers\SiteController.php (111)
in Z:\home\angler\www\index.php (13)
2014/08/18 13:41:49 [warning] [application] Failed to set unsafe attribute "email" of "RegisterForm".
in Z:\home\angler\www\protected\controllers\SiteController.php (111)
in Z:\home\angler\www\index.php (13)
2014/08/18 13:41:49 [warning] [application] Failed to set unsafe attribute "password" of "RegisterForm".
in Z:\home\angler\www\protected\controllers\SiteController.php (111)
in Z:\home\angler\www\index.php (13)
2014/08/18 13:41:50 [warning] [application] Failed to set unsafe attribute "username" of "RegisterForm".
in Z:\home\angler\www\protected\controllers\SiteController.php (111)
in Z:\home\angler\www\index.php (13)
2014/08/18 13:41:50 [warning] [application] Failed to set unsafe attribute "email" of "RegisterForm".
in Z:\home\angler\www\protected\controllers\SiteController.php (111)
in Z:\home\angler\www\index.php (13)
2014/08/18 13:41:50 [warning] [application] Failed to set unsafe attribute "password" of "RegisterForm".
in Z:\home\angler\www\protected\controllers\SiteController.php (111)
in Z:\home\angler\www\index.php (13)
2014/08/18 13:45:12 [warning] [application] Failed to set unsafe attribute "username" of "RegisterForm".
in Z:\home\angler\www\protected\controllers\SiteController.php (111)
in Z:\home\angler\www\index.php (13)
2014/08/18 13:45:12 [warning] [application] Failed to set unsafe attribute "email" of "RegisterForm".
in Z:\home\angler\www\protected\controllers\SiteController.php (111)
in Z:\home\angler\www\index.php (13)
2014/08/18 13:45:12 [warning] [application] Failed to set unsafe attribute "password" of "RegisterForm".
in Z:\home\angler\www\protected\controllers\SiteController.php (111)
in Z:\home\angler\www\index.php (13)
2014/08/18 13:58:05 [warning] [application] Failed to set unsafe attribute "username" of "RegisterForm".
in Z:\home\angler\www\protected\controllers\SiteController.php (122)
in Z:\home\angler\www\index.php (13)
2014/08/18 13:58:05 [warning] [application] Failed to set unsafe attribute "email" of "RegisterForm".
in Z:\home\angler\www\protected\controllers\SiteController.php (122)
in Z:\home\angler\www\index.php (13)
2014/08/18 13:58:05 [warning] [application] Failed to set unsafe attribute "password" of "RegisterForm".
in Z:\home\angler\www\protected\controllers\SiteController.php (122)
in Z:\home\angler\www\index.php (13)
2014/08/18 14:01:32 [error] [system.db.CDbCommand] CDbCommand::execute() failed: SQLSTATE[21S01]: Insert value list does not match column list: 1136 Column count doesn't match value count at row 1. The SQL statement executed was: INSERT INTO `user` () VALUES (NULL).
in Z:\home\angler\www\protected\controllers\SiteController.php (123)
in Z:\home\angler\www\index.php (13)
2014/08/18 14:01:32 [error] [exception.CDbException] exception 'CDbException' with message 'CDbCommand failed to execute the SQL statement: SQLSTATE[21S01]: Insert value list does not match column list: 1136 Column count doesn't match value count at row 1. The SQL statement executed was: INSERT INTO `user` () VALUES (NULL)' in Z:\home\angler\www\framework\db\CDbCommand.php:358
Stack trace:
#0 Z:\home\angler\www\framework\db\ar\CActiveRecord.php(1077): CDbCommand->execute()
#1 Z:\home\angler\www\framework\db\ar\CActiveRecord.php(806): CActiveRecord->insert(NULL)
#2 Z:\home\angler\www\protected\controllers\SiteController.php(123): CActiveRecord->save()
#3 Z:\home\angler\www\framework\web\actions\CInlineAction.php(49): SiteController->actionRegister()
#4 Z:\home\angler\www\framework\web\CController.php(308): CInlineAction->runWithParams(Array)
#5 Z:\home\angler\www\framework\web\CController.php(286): CController->runAction(Object(CInlineAction))
#6 Z:\home\angler\www\framework\web\CController.php(265): CController->runActionWithFilters(Object(CInlineAction), Array)
#7 Z:\home\angler\www\framework\web\CWebApplication.php(282): CController->run('register')
#8 Z:\home\angler\www\framework\web\CWebApplication.php(141): CWebApplication->runController('site/register')
#9 Z:\home\angler\www\framework\base\CApplication.php(180): CWebApplication->processRequest()
#10 Z:\home\angler\www\index.php(13): CApplication->run()
#11 {main}
REQUEST_URI=/index.php?r=site/register
HTTP_REFERER=http://angler/index.php?r=site/index
---
2014/08/18 14:02:50 [warning] [application] Failed to set unsafe attribute "username" of "RegisterForm".
in Z:\home\angler\www\protected\controllers\SiteController.php (128)
in Z:\home\angler\www\index.php (13)
2014/08/18 14:02:50 [warning] [application] Failed to set unsafe attribute "email" of "RegisterForm".
in Z:\home\angler\www\protected\controllers\SiteController.php (128)
in Z:\home\angler\www\index.php (13)
2014/08/18 14:02:50 [warning] [application] Failed to set unsafe attribute "password" of "RegisterForm".
in Z:\home\angler\www\protected\controllers\SiteController.php (128)
in Z:\home\angler\www\index.php (13)
2014/08/18 14:08:30 [warning] [application] Failed to set unsafe attribute "username" of "RegisterForm".
in Z:\home\angler\www\protected\controllers\SiteController.php (128)
in Z:\home\angler\www\index.php (13)
2014/08/18 14:08:30 [warning] [application] Failed to set unsafe attribute "email" of "RegisterForm".
in Z:\home\angler\www\protected\controllers\SiteController.php (128)
in Z:\home\angler\www\index.php (13)
2014/08/18 14:08:30 [warning] [application] Failed to set unsafe attribute "password" of "RegisterForm".
in Z:\home\angler\www\protected\controllers\SiteController.php (128)
in Z:\home\angler\www\index.php (13)
2014/08/18 14:13:04 [warning] [application] Failed to set unsafe attribute "username" of "RegisterForm".
in Z:\home\angler\www\protected\controllers\SiteController.php (117)
in Z:\home\angler\www\index.php (13)
2014/08/18 14:13:04 [warning] [application] Failed to set unsafe attribute "email" of "RegisterForm".
in Z:\home\angler\www\protected\controllers\SiteController.php (117)
in Z:\home\angler\www\index.php (13)
2014/08/18 14:13:04 [warning] [application] Failed to set unsafe attribute "password" of "RegisterForm".
in Z:\home\angler\www\protected\controllers\SiteController.php (117)
in Z:\home\angler\www\index.php (13)
2014/08/18 14:13:04 [warning] [application] Failed to set unsafe attribute "username" of "RegisterForm".
in Z:\home\angler\www\protected\controllers\SiteController.php (126)
in Z:\home\angler\www\index.php (13)
2014/08/18 14:13:04 [warning] [application] Failed to set unsafe attribute "email" of "RegisterForm".
in Z:\home\angler\www\protected\controllers\SiteController.php (126)
in Z:\home\angler\www\index.php (13)
2014/08/18 14:13:04 [warning] [application] Failed to set unsafe attribute "password" of "RegisterForm".
in Z:\home\angler\www\protected\controllers\SiteController.php (126)
in Z:\home\angler\www\index.php (13)
2014/08/18 14:14:11 [warning] [application] Failed to set unsafe attribute "username" of "RegisterForm".
in Z:\home\angler\www\protected\controllers\SiteController.php (117)
in Z:\home\angler\www\index.php (13)
2014/08/18 14:14:11 [warning] [application] Failed to set unsafe attribute "email" of "RegisterForm".
in Z:\home\angler\www\protected\controllers\SiteController.php (117)
in Z:\home\angler\www\index.php (13)
2014/08/18 14:14:11 [warning] [application] Failed to set unsafe attribute "password" of "RegisterForm".
in Z:\home\angler\www\protected\controllers\SiteController.php (117)
in Z:\home\angler\www\index.php (13)
2014/08/18 14:14:11 [warning] [application] Failed to set unsafe attribute "username" of "RegisterForm".
in Z:\home\angler\www\protected\controllers\SiteController.php (126)
in Z:\home\angler\www\index.php (13)
2014/08/18 14:14:11 [warning] [application] Failed to set unsafe attribute "email" of "RegisterForm".
in Z:\home\angler\www\protected\controllers\SiteController.php (126)
in Z:\home\angler\www\index.php (13)
2014/08/18 14:14:11 [warning] [application] Failed to set unsafe attribute "password" of "RegisterForm".
in Z:\home\angler\www\protected\controllers\SiteController.php (126)
in Z:\home\angler\www\index.php (13)
2014/08/18 14:15:19 [warning] [application] Failed to set unsafe attribute "username" of "RegisterForm".
in Z:\home\angler\www\protected\controllers\SiteController.php (117)
in Z:\home\angler\www\index.php (13)
2014/08/18 14:15:19 [warning] [application] Failed to set unsafe attribute "email" of "RegisterForm".
in Z:\home\angler\www\protected\controllers\SiteController.php (117)
in Z:\home\angler\www\index.php (13)
2014/08/18 14:15:19 [warning] [application] Failed to set unsafe attribute "password" of "RegisterForm".
in Z:\home\angler\www\protected\controllers\SiteController.php (117)
in Z:\home\angler\www\index.php (13)
2014/08/18 14:15:19 [warning] [application] Failed to set unsafe attribute "username" of "RegisterForm".
in Z:\home\angler\www\protected\controllers\SiteController.php (126)
in Z:\home\angler\www\index.php (13)
2014/08/18 14:15:19 [warning] [application] Failed to set unsafe attribute "email" of "RegisterForm".
in Z:\home\angler\www\protected\controllers\SiteController.php (126)
in Z:\home\angler\www\index.php (13)
2014/08/18 14:15:19 [warning] [application] Failed to set unsafe attribute "password" of "RegisterForm".
in Z:\home\angler\www\protected\controllers\SiteController.php (126)
in Z:\home\angler\www\index.php (13)
2014/08/18 14:21:55 [warning] [application] Failed to set unsafe attribute "username" of "RegisterForm".
in Z:\home\angler\www\protected\controllers\SiteController.php (123)
in Z:\home\angler\www\index.php (13)
2014/08/18 14:21:55 [warning] [application] Failed to set unsafe attribute "email" of "RegisterForm".
in Z:\home\angler\www\protected\controllers\SiteController.php (123)
in Z:\home\angler\www\index.php (13)
2014/08/18 14:21:55 [warning] [application] Failed to set unsafe attribute "password" of "RegisterForm".
in Z:\home\angler\www\protected\controllers\SiteController.php (123)
in Z:\home\angler\www\index.php (13)
2014/08/18 14:21:55 [error] [system.db.CDbCommand] CDbCommand::execute() failed: SQLSTATE[21S01]: Insert value list does not match column list: 1136 Column count doesn't match value count at row 1. The SQL statement executed was: INSERT INTO `user` () VALUES (NULL).
in Z:\home\angler\www\protected\controllers\SiteController.php (127)
in Z:\home\angler\www\index.php (13)
2014/08/18 14:21:55 [error] [exception.CDbException] exception 'CDbException' with message 'CDbCommand failed to execute the SQL statement: SQLSTATE[21S01]: Insert value list does not match column list: 1136 Column count doesn't match value count at row 1. The SQL statement executed was: INSERT INTO `user` () VALUES (NULL)' in Z:\home\angler\www\framework\db\CDbCommand.php:358
Stack trace:
#0 Z:\home\angler\www\framework\db\ar\CActiveRecord.php(1077): CDbCommand->execute()
#1 Z:\home\angler\www\framework\db\ar\CActiveRecord.php(806): CActiveRecord->insert(NULL)
#2 Z:\home\angler\www\protected\controllers\SiteController.php(127): CActiveRecord->save()
#3 Z:\home\angler\www\framework\web\actions\CInlineAction.php(49): SiteController->actionRegister()
#4 Z:\home\angler\www\framework\web\CController.php(308): CInlineAction->runWithParams(Array)
#5 Z:\home\angler\www\framework\web\CController.php(286): CController->runAction(Object(CInlineAction))
#6 Z:\home\angler\www\framework\web\CController.php(265): CController->runActionWithFilters(Object(CInlineAction), Array)
#7 Z:\home\angler\www\framework\web\CWebApplication.php(282): CController->run('register')
#8 Z:\home\angler\www\framework\web\CWebApplication.php(141): CWebApplication->runController('site/register')
#9 Z:\home\angler\www\framework\base\CApplication.php(180): CWebApplication->processRequest()
#10 Z:\home\angler\www\index.php(13): CApplication->run()
#11 {main}
REQUEST_URI=/index.php?r=site/register
HTTP_REFERER=http://angler/index.php?r=site/register
---
2014/08/18 14:26:55 [warning] [application] Failed to set unsafe attribute "username" of "RegisterForm".
in Z:\home\angler\www\protected\controllers\SiteController.php (123)
in Z:\home\angler\www\index.php (13)
2014/08/18 14:26:55 [warning] [application] Failed to set unsafe attribute "email" of "RegisterForm".
in Z:\home\angler\www\protected\controllers\SiteController.php (123)
in Z:\home\angler\www\index.php (13)
2014/08/18 14:26:55 [warning] [application] Failed to set unsafe attribute "password" of "RegisterForm".
in Z:\home\angler\www\protected\controllers\SiteController.php (123)
in Z:\home\angler\www\index.php (13)
2014/08/18 14:46:13 [warning] [application] Failed to set unsafe attribute "username" of "RegisterForm".
in Z:\home\angler\www\protected\controllers\SiteController.php (123)
in Z:\home\angler\www\index.php (13)
2014/08/18 14:46:13 [warning] [application] Failed to set unsafe attribute "email" of "RegisterForm".
in Z:\home\angler\www\protected\controllers\SiteController.php (123)
in Z:\home\angler\www\index.php (13)
2014/08/18 14:46:13 [warning] [application] Failed to set unsafe attribute "password" of "RegisterForm".
in Z:\home\angler\www\protected\controllers\SiteController.php (123)
in Z:\home\angler\www\index.php (13)
2014/08/18 14:46:13 [error] [exception.CException] exception 'CException' with message 'RegisterForm and its behaviors do not have a method or closure named "save".' in Z:\home\angler\www\framework\base\CComponent.php:266
Stack trace:
#0 Z:\home\angler\www\protected\controllers\SiteController.php(127): CComponent->__call('save', Array)
#1 Z:\home\angler\www\protected\controllers\SiteController.php(127): RegisterForm->save()
#2 Z:\home\angler\www\framework\web\actions\CInlineAction.php(49): SiteController->actionRegister()
#3 Z:\home\angler\www\framework\web\CController.php(308): CInlineAction->runWithParams(Array)
#4 Z:\home\angler\www\framework\web\CController.php(286): CController->runAction(Object(CInlineAction))
#5 Z:\home\angler\www\framework\web\CController.php(265): CController->runActionWithFilters(Object(CInlineAction), Array)
#6 Z:\home\angler\www\framework\web\CWebApplication.php(282): CController->run('register')
#7 Z:\home\angler\www\framework\web\CWebApplication.php(141): CWebApplication->runController('site/register')
#8 Z:\home\angler\www\framework\base\CApplication.php(180): CWebApplication->processRequest()
#9 Z:\home\angler\www\index.php(13): CApplication->run()
#10 {main}
REQUEST_URI=/index.php?r=site/register
HTTP_REFERER=http://angler/index.php?r=site/register
---
2014/08/18 14:51:55 [warning] [application] Failed to set unsafe attribute "username" of "RegisterForm".
in Z:\home\angler\www\protected\controllers\SiteController.php (123)
in Z:\home\angler\www\index.php (13)
2014/08/18 14:51:55 [warning] [application] Failed to set unsafe attribute "email" of "RegisterForm".
in Z:\home\angler\www\protected\controllers\SiteController.php (123)
in Z:\home\angler\www\index.php (13)
2014/08/18 14:51:55 [warning] [application] Failed to set unsafe attribute "password" of "RegisterForm".
in Z:\home\angler\www\protected\controllers\SiteController.php (123)
in Z:\home\angler\www\index.php (13)
2014/08/18 14:56:51 [error] [exception.CDbException] exception 'CDbException' with message 'CDbConnection failed to open the DB connection: SQLSTATE[42000] [1049] Unknown database 'angler'' in W:\home\angler\www\framework\db\CDbConnection.php:382
Stack trace:
#0 W:\home\angler\www\framework\db\CDbConnection.php(330): CDbConnection->open()
#1 W:\home\angler\www\framework\base\CComponent.php(152): CDbConnection->setActive(true)
#2 W:\home\angler\www\protected\controllers\SiteController.php(118): CComponent->__set('active', true)
#3 W:\home\angler\www\framework\web\actions\CInlineAction.php(49): SiteController->actionRegister()
#4 W:\home\angler\www\framework\web\CController.php(308): CInlineAction->runWithParams(Array)
#5 W:\home\angler\www\framework\web\CController.php(286): CController->runAction(Object(CInlineAction))
#6 W:\home\angler\www\framework\web\CController.php(265): CController->runActionWithFilters(Object(CInlineAction), Array)
#7 W:\home\angler\www\framework\web\CWebApplication.php(282): CController->run('register')
#8 W:\home\angler\www\framework\web\CWebApplication.php(141): CWebApplication->runController('site/register')
#9 W:\home\angler\www\framework\base\CApplication.php(180): CWebApplication->processRequest()
#10 W:\home\angler\www\index.php(13): CApplication->run()
#11 {main}
REQUEST_URI=/index.php?r=site/register
HTTP_REFERER=http://angler/
---
2014/08/18 15:33:15 [warning] [application] Failed to set unsafe attribute "username" of "RegisterForm".
in W:\home\angler\www\protected\controllers\SiteController.php (123)
in W:\home\angler\www\index.php (13)
2014/08/18 15:34:21 [warning] [application] Failed to set unsafe attribute "username" of "RegisterForm".
in W:\home\angler\www\protected\controllers\SiteController.php (123)
in W:\home\angler\www\index.php (13)
2014/08/18 15:36:04 [warning] [application] Failed to set unsafe attribute "username" of "RegisterForm".
in W:\home\angler\www\protected\controllers\SiteController.php (123)
in W:\home\angler\www\index.php (13)
2014/08/19 14:07:33 [error] [exception.CException] exception 'CException' with message 'Property "LoginForm." is not defined.' in W:\home\angler\www\framework\base\CComponent.php:130
Stack trace:
#0 W:\home\angler\www\protected\controllers\SiteController.php(134): CComponent->__get('')
#1 W:\home\angler\www\framework\web\actions\CInlineAction.php(49): SiteController->actionLogin()
#2 W:\home\angler\www\framework\web\CController.php(308): CInlineAction->runWithParams(Array)
#3 W:\home\angler\www\framework\web\CController.php(286): CController->runAction(Object(CInlineAction))
#4 W:\home\angler\www\framework\web\CController.php(265): CController->runActionWithFilters(Object(CInlineAction), Array)
#5 W:\home\angler\www\framework\web\CWebApplication.php(282): CController->run('login')
#6 W:\home\angler\www\framework\web\CWebApplication.php(141): CWebApplication->runController('site/login')
#7 W:\home\angler\www\framework\base\CApplication.php(180): CWebApplication->processRequest()
#8 W:\home\angler\www\index.php(13): CApplication->run()
#9 {main}
REQUEST_URI=/index.php?r=site/login
HTTP_REFERER=http://angler/index.php?r=site/login
---
2014/08/19 14:08:57 [error] [php] include(User.php) [<a href='function.include'>function.include</a>]: failed to open stream: No such file or directory (W:\home\angler\www\framework\YiiBase.php:427)
Stack trace:
#0 W:\home\angler\www\protected\controllers\SiteController.php(24): spl_autoload_call()
#1 W:\home\angler\www\protected\models\LoginForm.php(52): UserIdentity->authenticate()
#2 W:\home\angler\www\framework\validators\CInlineValidator.php(42): LoginForm->authenticate()
#3 W:\home\angler\www\framework\validators\CValidator.php(213): CInlineValidator->validateAttribute()
#4 W:\home\angler\www\framework\base\CModel.php(159): CInlineValidator->validate()
#5 W:\home\angler\www\protected\controllers\SiteController.php(135): LoginForm->validate()
#6 W:\home\angler\www\framework\web\actions\CInlineAction.php(49): SiteController->actionLogin()
#7 W:\home\angler\www\framework\web\CController.php(308): CInlineAction->runWithParams()
#8 W:\home\angler\www\framework\web\CController.php(286): SiteController->runAction()
#9 W:\home\angler\www\framework\web\CController.php(265): SiteController->runActionWithFilters()
#10 W:\home\angler\www\framework\web\CWebApplication.php(282): SiteController->run()
#11 W:\home\angler\www\framework\web\CWebApplication.php(141): CWebApplication->runController()
#12 W:\home\angler\www\framework\base\CApplication.php(180): CWebApplication->processRequest()
#13 W:\home\angler\www\index.php(13): CWebApplication->run()
REQUEST_URI=/index.php?r=site/login
in W:\home\angler\www\protected\controllers\SiteController.php (24)
in W:\home\angler\www\protected\models\LoginForm.php (52)
in W:\home\angler\www\protected\controllers\SiteController.php (135)
2014/08/19 14:09:18 [error] [php] include(User.php) [<a href='function.include'>function.include</a>]: failed to open stream: No such file or directory (W:\home\angler\www\framework\YiiBase.php:427)
Stack trace:
#0 W:\home\angler\www\protected\controllers\SiteController.php(24): spl_autoload_call()
#1 W:\home\angler\www\protected\models\LoginForm.php(52): UserIdentity->authenticate()
#2 W:\home\angler\www\framework\validators\CInlineValidator.php(42): LoginForm->authenticate()
#3 W:\home\angler\www\framework\validators\CValidator.php(213): CInlineValidator->validateAttribute()
#4 W:\home\angler\www\framework\base\CModel.php(159): CInlineValidator->validate()
#5 W:\home\angler\www\protected\controllers\SiteController.php(135): LoginForm->validate()
#6 W:\home\angler\www\framework\web\actions\CInlineAction.php(49): SiteController->actionLogin()
#7 W:\home\angler\www\framework\web\CController.php(308): CInlineAction->runWithParams()
#8 W:\home\angler\www\framework\web\CController.php(286): SiteController->runAction()
#9 W:\home\angler\www\framework\web\CController.php(265): SiteController->runActionWithFilters()
#10 W:\home\angler\www\framework\web\CWebApplication.php(282): SiteController->run()
#11 W:\home\angler\www\framework\web\CWebApplication.php(141): CWebApplication->runController()
#12 W:\home\angler\www\framework\base\CApplication.php(180): CWebApplication->processRequest()
#13 W:\home\angler\www\index.php(13): CWebApplication->run()
REQUEST_URI=/index.php?r=site/login
in W:\home\angler\www\protected\controllers\SiteController.php (24)
in W:\home\angler\www\protected\models\LoginForm.php (52)
in W:\home\angler\www\protected\controllers\SiteController.php (135)
2014/08/19 14:41:06 [error] [php] include(User.php) [<a href='function.include'>function.include</a>]: failed to open stream: No such file or directory (W:\home\angler\www\framework\YiiBase.php:427)
Stack trace:
#0 W:\home\angler\www\protected\components\UserIdentity.php(36): spl_autoload_call()
#1 W:\home\angler\www\protected\models\LoginForm.php(52): UserIdentity->authenticate()
#2 W:\home\angler\www\framework\validators\CInlineValidator.php(42): LoginForm->authenticate()
#3 W:\home\angler\www\framework\validators\CValidator.php(213): CInlineValidator->validateAttribute()
#4 W:\home\angler\www\framework\base\CModel.php(159): CInlineValidator->validate()
#5 W:\home\angler\www\protected\controllers\SiteController.php(104): LoginForm->validate()
#6 W:\home\angler\www\framework\web\actions\CInlineAction.php(49): SiteController->actionLogin()
#7 W:\home\angler\www\framework\web\CController.php(308): CInlineAction->runWithParams()
#8 W:\home\angler\www\framework\web\CController.php(286): SiteController->runAction()
#9 W:\home\angler\www\framework\web\CController.php(265): SiteController->runActionWithFilters()
#10 W:\home\angler\www\framework\web\CWebApplication.php(282): SiteController->run()
#11 W:\home\angler\www\framework\web\CWebApplication.php(141): CWebApplication->runController()
#12 W:\home\angler\www\framework\base\CApplication.php(180): CWebApplication->processRequest()
#13 W:\home\angler\www\index.php(13): CWebApplication->run()
REQUEST_URI=/index.php?r=site/login
in W:\home\angler\www\protected\components\UserIdentity.php (36)
in W:\home\angler\www\protected\models\LoginForm.php (52)
in W:\home\angler\www\protected\controllers\SiteController.php (104)
2014/08/19 15:27:43 [error] [exception.CException] exception 'CException' with message 'Property "Post.name" is not defined.' in W:\home\angler\www\framework\base\CComponent.php:173
Stack trace:
#0 W:\home\angler\www\framework\db\ar\CActiveRecord.php(161): CComponent->__set('name', 'Lihoy_Li_hoy')
#1 W:\home\angler\www\protected\controllers\SiteController.php(123): CActiveRecord->__set('name', 'Lihoy_Li_hoy')
#2 W:\home\angler\www\framework\web\actions\CInlineAction.php(49): SiteController->actionRegister()
#3 W:\home\angler\www\framework\web\CController.php(308): CInlineAction->runWithParams(Array)
#4 W:\home\angler\www\framework\web\CController.php(286): CController->runAction(Object(CInlineAction))
#5 W:\home\angler\www\framework\web\CController.php(265): CController->runActionWithFilters(Object(CInlineAction), Array)
#6 W:\home\angler\www\framework\web\CWebApplication.php(282): CController->run('register')
#7 W:\home\angler\www\framework\web\CWebApplication.php(141): CWebApplication->runController('site/register')
#8 W:\home\angler\www\framework\base\CApplication.php(180): CWebApplication->processRequest()
#9 W:\home\angler\www\index.php(13): CApplication->run()
#10 {main}
REQUEST_URI=/index.php?r=site/register
HTTP_REFERER=http://angler/index.php?r=site/register
---
2014/08/19 15:51:21 [error] [php] include(User.php) [<a href='function.include'>function.include</a>]: failed to open stream: No such file or directory (W:\home\angler\www\framework\YiiBase.php:427)
Stack trace:
#0 W:\home\angler\www\protected\components\UserIdentity.php(22): spl_autoload_call()
#1 W:\home\angler\www\protected\models\LoginForm.php(52): UserIdentity->authenticate()
#2 W:\home\angler\www\framework\validators\CInlineValidator.php(42): LoginForm->authenticate()
#3 W:\home\angler\www\framework\validators\CValidator.php(213): CInlineValidator->validateAttribute()
#4 W:\home\angler\www\framework\base\CModel.php(159): CInlineValidator->validate()
#5 W:\home\angler\www\protected\controllers\SiteController.php(103): LoginForm->validate()
#6 W:\home\angler\www\framework\web\actions\CInlineAction.php(49): SiteController->actionLogin()
#7 W:\home\angler\www\framework\web\CController.php(308): CInlineAction->runWithParams()
#8 W:\home\angler\www\framework\web\CController.php(286): SiteController->runAction()
#9 W:\home\angler\www\framework\web\CController.php(265): SiteController->runActionWithFilters()
#10 W:\home\angler\www\framework\web\CWebApplication.php(282): SiteController->run()
#11 W:\home\angler\www\framework\web\CWebApplication.php(141): CWebApplication->runController()
#12 W:\home\angler\www\framework\base\CApplication.php(180): CWebApplication->processRequest()
#13 W:\home\angler\www\index.php(13): CWebApplication->run()
REQUEST_URI=/index.php?r=site/login
in W:\home\angler\www\protected\components\UserIdentity.php (22)
in W:\home\angler\www\protected\models\LoginForm.php (52)
in W:\home\angler\www\protected\controllers\SiteController.php (103)
2014/08/20 14:44:12 [error] [php] include(User.php) [<a href='function.include'>function.include</a>]: failed to open stream: No such file or directory (W:\home\angler\www\framework\YiiBase.php:427)
Stack trace:
#0 W:\home\angler\www\protected\components\UserIdentity.php(22): spl_autoload_call()
#1 W:\home\angler\www\protected\models\LoginForm.php(51): UserIdentity->authenticate()
#2 W:\home\angler\www\framework\validators\CInlineValidator.php(42): LoginForm->authenticate()
#3 W:\home\angler\www\framework\validators\CValidator.php(213): CInlineValidator->validateAttribute()
#4 W:\home\angler\www\framework\base\CModel.php(159): CInlineValidator->validate()
#5 W:\home\angler\www\protected\controllers\SiteController.php(102): LoginForm->validate()
#6 W:\home\angler\www\framework\web\actions\CInlineAction.php(49): SiteController->actionLogin()
#7 W:\home\angler\www\framework\web\CController.php(308): CInlineAction->runWithParams()
#8 W:\home\angler\www\framework\web\CController.php(286): SiteController->runAction()
#9 W:\home\angler\www\framework\web\CController.php(265): SiteController->runActionWithFilters()
#10 W:\home\angler\www\framework\web\CWebApplication.php(282): SiteController->run()
#11 W:\home\angler\www\framework\web\CWebApplication.php(141): CWebApplication->runController()
#12 W:\home\angler\www\framework\base\CApplication.php(180): CWebApplication->processRequest()
#13 W:\home\angler\www\index.php(13): CWebApplication->run()
REQUEST_URI=/index.php?r=site/login
in W:\home\angler\www\protected\components\UserIdentity.php (22)
in W:\home\angler\www\protected\models\LoginForm.php (51)
in W:\home\angler\www\protected\controllers\SiteController.php (102)
2014/08/20 14:46:39 [error] [php] include(user.php) [<a href='function.include'>function.include</a>]: failed to open stream: No such file or directory (W:\home\angler\www\framework\YiiBase.php:427)
Stack trace:
#0 W:\home\angler\www\protected\components\UserIdentity.php(22): spl_autoload_call()
#1 W:\home\angler\www\protected\models\LoginForm.php(51): UserIdentity->authenticate()
#2 W:\home\angler\www\framework\validators\CInlineValidator.php(42): LoginForm->authenticate()
#3 W:\home\angler\www\framework\validators\CValidator.php(213): CInlineValidator->validateAttribute()
#4 W:\home\angler\www\framework\base\CModel.php(159): CInlineValidator->validate()
#5 W:\home\angler\www\protected\controllers\SiteController.php(102): LoginForm->validate()
#6 W:\home\angler\www\framework\web\actions\CInlineAction.php(49): SiteController->actionLogin()
#7 W:\home\angler\www\framework\web\CController.php(308): CInlineAction->runWithParams()
#8 W:\home\angler\www\framework\web\CController.php(286): SiteController->runAction()
#9 W:\home\angler\www\framework\web\CController.php(265): SiteController->runActionWithFilters()
#10 W:\home\angler\www\framework\web\CWebApplication.php(282): SiteController->run()
#11 W:\home\angler\www\framework\web\CWebApplication.php(141): CWebApplication->runController()
#12 W:\home\angler\www\framework\base\CApplication.php(180): CWebApplication->processRequest()
#13 W:\home\angler\www\index.php(13): CWebApplication->run()
REQUEST_URI=/index.php?r=site/login
in W:\home\angler\www\protected\components\UserIdentity.php (22)
in W:\home\angler\www\protected\models\LoginForm.php (51)
in W:\home\angler\www\protected\controllers\SiteController.php (102)
2014/08/20 14:54:22 [error] [php] include(User.php) [<a href='function.include'>function.include</a>]: failed to open stream: No such file or directory (W:\home\angler\www\framework\YiiBase.php:427)
Stack trace:
#0 W:\home\angler\www\protected\components\UserIdentity.php(22): spl_autoload_call()
#1 W:\home\angler\www\protected\models\LoginForm.php(51): UserIdentity->authenticate()
#2 W:\home\angler\www\framework\validators\CInlineValidator.php(42): LoginForm->authenticate()
#3 W:\home\angler\www\framework\validators\CValidator.php(213): CInlineValidator->validateAttribute()
#4 W:\home\angler\www\framework\base\CModel.php(159): CInlineValidator->validate()
#5 W:\home\angler\www\protected\controllers\SiteController.php(102): LoginForm->validate()
#6 W:\home\angler\www\framework\web\actions\CInlineAction.php(49): SiteController->actionLogin()
#7 W:\home\angler\www\framework\web\CController.php(308): CInlineAction->runWithParams()
#8 W:\home\angler\www\framework\web\CController.php(286): SiteController->runAction()
#9 W:\home\angler\www\framework\web\CController.php(265): SiteController->runActionWithFilters()
#10 W:\home\angler\www\framework\web\CWebApplication.php(282): SiteController->run()
#11 W:\home\angler\www\framework\web\CWebApplication.php(141): CWebApplication->runController()
#12 W:\home\angler\www\framework\base\CApplication.php(180): CWebApplication->processRequest()
#13 W:\home\angler\www\index.php(13): CWebApplication->run()
REQUEST_URI=/index.php?r=site/login
in W:\home\angler\www\protected\components\UserIdentity.php (22)
in W:\home\angler\www\protected\models\LoginForm.php (51)
in W:\home\angler\www\protected\controllers\SiteController.php (102)
2014/08/20 16:19:06 [error] [exception.CException] exception 'CException' with message 'Property "User.title" is not defined.' in W:\home\angler\www\framework\base\CComponent.php:130
Stack trace:
#0 W:\home\angler\www\framework\db\ar\CActiveRecord.php(145): CComponent->__get('title')
#1 W:\home\angler\www\protected\components\UserIdentity.php(30): CActiveRecord->__get('title')
#2 W:\home\angler\www\protected\models\LoginForm.php(51): UserIdentity->authenticate()
#3 W:\home\angler\www\framework\validators\CInlineValidator.php(42): LoginForm->authenticate('password', Array)
#4 W:\home\angler\www\framework\validators\CValidator.php(213): CInlineValidator->validateAttribute(Object(LoginForm), 'password')
#5 W:\home\angler\www\framework\base\CModel.php(159): CValidator->validate(Object(LoginForm), NULL)
#6 W:\home\angler\www\protected\controllers\SiteController.php(102): CModel->validate()
#7 W:\home\angler\www\framework\web\actions\CInlineAction.php(49): SiteController->actionLogin()
#8 W:\home\angler\www\framework\web\CController.php(308): CInlineAction->runWithParams(Array)
#9 W:\home\angler\www\framework\web\CController.php(286): CController->runAction(Object(CInlineAction))
#10 W:\home\angler\www\framework\web\CController.php(265): CController->runActionWithFilters(Object(CInlineAction), Array)
#11 W:\home\angler\www\framework\web\CWebApplication.php(282): CController->run('login')
#12 W:\home\angler\www\framework\web\CWebApplication.php(141): CWebApplication->runController('site/login')
#13 W:\home\angler\www\framework\base\CApplication.php(180): CWebApplication->processRequest()
#14 W:\home\angler\www\index.php(13): CApplication->run()
#15 {main}
REQUEST_URI=/index.php?r=site/login
HTTP_REFERER=http://angler/index.php?r=site/login
---
2014/08/21 16:01:27 [error] [exception.CException] exception 'CException' with message 'Property "CWebUser.username" is not defined.' in W:\home\angler\framework\base\CComponent.php:130
Stack trace:
#0 W:\home\angler\framework\web\auth\CWebUser.php(146): CComponent->__get('username')
#1 W:\home\angler\www\protected\views\site\profile.php(28): CWebUser->__get('username')
#2 W:\home\angler\framework\web\CBaseController.php(126): require('W:\home\angler\...')
#3 W:\home\angler\framework\web\CBaseController.php(95): CBaseController->renderInternal('W:\home\angler\...', Array, true)
#4 W:\home\angler\framework\web\CController.php(869): CBaseController->renderFile('W:\home\angler\...', Array, true)
#5 W:\home\angler\framework\web\CController.php(782): CController->renderPartial('profile', Array, true)
#6 W:\home\angler\www\protected\controllers\SiteController.php(125): CController->render('profile', Array)
#7 W:\home\angler\framework\web\actions\CInlineAction.php(49): SiteController->actionProfile()
#8 W:\home\angler\framework\web\CController.php(308): CInlineAction->runWithParams(Array)
#9 W:\home\angler\framework\web\CController.php(286): CController->runAction(Object(CInlineAction))
#10 W:\home\angler\framework\web\CController.php(265): CController->runActionWithFilters(Object(CInlineAction), Array)
#11 W:\home\angler\framework\web\CWebApplication.php(282): CController->run('profile')
#12 W:\home\angler\framework\web\CWebApplication.php(141): CWebApplication->runController('site/profile')
#13 W:\home\angler\framework\base\CApplication.php(180): CWebApplication->processRequest()
#14 W:\home\angler\www\index.php(26): CApplication->run()
#15 {main}
REQUEST_URI=/index.php?r=site/profile
HTTP_REFERER=http://angler/index.php
---
2014/08/21 16:04:47 [error] [exception.CException] exception 'CException' with message 'Property "CWebUser.password" is not defined.' in W:\home\angler\framework\base\CComponent.php:130
Stack trace:
#0 W:\home\angler\framework\web\auth\CWebUser.php(146): CComponent->__get('password')
#1 W:\home\angler\www\protected\views\site\profile.php(41): CWebUser->__get('password')
#2 W:\home\angler\framework\web\CBaseController.php(126): require('W:\home\angler\...')
#3 W:\home\angler\framework\web\CBaseController.php(95): CBaseController->renderInternal('W:\home\angler\...', Array, true)
#4 W:\home\angler\framework\web\CController.php(869): CBaseController->renderFile('W:\home\angler\...', Array, true)
#5 W:\home\angler\framework\web\CController.php(782): CController->renderPartial('profile', Array, true)
#6 W:\home\angler\www\protected\controllers\SiteController.php(125): CController->render('profile', Array)
#7 W:\home\angler\framework\web\actions\CInlineAction.php(49): SiteController->actionProfile()
#8 W:\home\angler\framework\web\CController.php(308): CInlineAction->runWithParams(Array)
#9 W:\home\angler\framework\web\CController.php(286): CController->runAction(Object(CInlineAction))
#10 W:\home\angler\framework\web\CController.php(265): CController->runActionWithFilters(Object(CInlineAction), Array)
#11 W:\home\angler\framework\web\CWebApplication.php(282): CController->run('profile')
#12 W:\home\angler\framework\web\CWebApplication.php(141): CWebApplication->runController('site/profile')
#13 W:\home\angler\framework\base\CApplication.php(180): CWebApplication->processRequest()
#14 W:\home\angler\www\index.php(26): CApplication->run()
#15 {main}
REQUEST_URI=/index.php?r=site/profile
HTTP_REFERER=http://angler/index.php
---
2014/08/21 16:07:53 [error] [exception.CException] exception 'CException' with message 'Property "UserIdentity.email" is not defined.' in W:\home\angler\framework\base\CComponent.php:130
Stack trace:
#0 W:\home\angler\www\protected\components\UserIdentity.php(23): CComponent->__get('email')
#1 W:\home\angler\www\protected\models\LoginForm.php(51): UserIdentity->authenticate()
#2 W:\home\angler\framework\validators\CInlineValidator.php(42): LoginForm->authenticate('password', Array)
#3 W:\home\angler\framework\validators\CValidator.php(213): CInlineValidator->validateAttribute(Object(LoginForm), 'password')
#4 W:\home\angler\framework\base\CModel.php(159): CValidator->validate(Object(LoginForm), NULL)
#5 W:\home\angler\www\protected\controllers\SiteController.php(83): CModel->validate()
#6 W:\home\angler\framework\web\actions\CInlineAction.php(49): SiteController->actionLogin()
#7 W:\home\angler\framework\web\CController.php(308): CInlineAction->runWithParams(Array)
#8 W:\home\angler\framework\web\CController.php(286): CController->runAction(Object(CInlineAction))
#9 W:\home\angler\framework\web\CController.php(265): CController->runActionWithFilters(Object(CInlineAction), Array)
#10 W:\home\angler\framework\web\CWebApplication.php(282): CController->run('login')
#11 W:\home\angler\framework\web\CWebApplication.php(141): CWebApplication->runController('site/login')
#12 W:\home\angler\framework\base\CApplication.php(180): CWebApplication->processRequest()
#13 W:\home\angler\www\index.php(26): CApplication->run()
#14 {main}
REQUEST_URI=/index.php?r=site/login
HTTP_REFERER=http://angler/index.php?r=site/login
---
2014/08/21 16:09:04 [error] [exception.CException] exception 'CException' with message 'Property "UserIdentity." is not defined.' in W:\home\angler\framework\base\CComponent.php:130
Stack trace:
#0 W:\home\angler\www\protected\components\UserIdentity.php(23): CComponent->__get('')
#1 W:\home\angler\www\protected\models\LoginForm.php(51): UserIdentity->authenticate()
#2 W:\home\angler\framework\validators\CInlineValidator.php(42): LoginForm->authenticate('password', Array)
#3 W:\home\angler\framework\validators\CValidator.php(213): CInlineValidator->validateAttribute(Object(LoginForm), 'password')
#4 W:\home\angler\framework\base\CModel.php(159): CValidator->validate(Object(LoginForm), NULL)
#5 W:\home\angler\www\protected\controllers\SiteController.php(83): CModel->validate()
#6 W:\home\angler\framework\web\actions\CInlineAction.php(49): SiteController->actionLogin()
#7 W:\home\angler\framework\web\CController.php(308): CInlineAction->runWithParams(Array)
#8 W:\home\angler\framework\web\CController.php(286): CController->runAction(Object(CInlineAction))
#9 W:\home\angler\framework\web\CController.php(265): CController->runActionWithFilters(Object(CInlineAction), Array)
#10 W:\home\angler\framework\web\CWebApplication.php(282): CController->run('login')
#11 W:\home\angler\framework\web\CWebApplication.php(141): CWebApplication->runController('site/login')
#12 W:\home\angler\framework\base\CApplication.php(180): CWebApplication->processRequest()
#13 W:\home\angler\www\index.php(26): CApplication->run()
#14 {main}
REQUEST_URI=/index.php?r=site/login
HTTP_REFERER=http://angler/index.php?r=site/login
---
2014/08/21 16:13:41 [error] [exception.CException] exception 'CException' with message 'Property "User." is not defined.' in W:\home\angler\framework\base\CComponent.php:130
Stack trace:
#0 W:\home\angler\framework\db\ar\CActiveRecord.php(145): CComponent->__get('')
#1 W:\home\angler\www\protected\views\site\profile.php(28): CActiveRecord->__get('')
#2 W:\home\angler\framework\web\CBaseController.php(126): require('W:\home\angler\...')
#3 W:\home\angler\framework\web\CBaseController.php(95): CBaseController->renderInternal('W:\home\angler\...', Array, true)
#4 W:\home\angler\framework\web\CController.php(869): CBaseController->renderFile('W:\home\angler\...', Array, true)
#5 W:\home\angler\framework\web\CController.php(782): CController->renderPartial('profile', Array, true)
#6 W:\home\angler\www\protected\controllers\SiteController.php(125): CController->render('profile', Array)
#7 W:\home\angler\framework\web\actions\CInlineAction.php(49): SiteController->actionProfile()
#8 W:\home\angler\framework\web\CController.php(308): CInlineAction->runWithParams(Array)
#9 W:\home\angler\framework\web\CController.php(286): CController->runAction(Object(CInlineAction))
#10 W:\home\angler\framework\web\CController.php(265): CController->runActionWithFilters(Object(CInlineAction), Array)
#11 W:\home\angler\framework\web\CWebApplication.php(282): CController->run('profile')
#12 W:\home\angler\framework\web\CWebApplication.php(141): CWebApplication->runController('site/profile')
#13 W:\home\angler\framework\base\CApplication.php(180): CWebApplication->processRequest()
#14 W:\home\angler\www\index.php(26): CApplication->run()
#15 {main}
REQUEST_URI=/index.php?r=site/profile
HTTP_REFERER=http://angler/index.php
---
2014/08/21 16:21:41 [error] [exception.CException] exception 'CException' with message 'Property "User.name" is not defined.' in W:\home\angler\framework\base\CComponent.php:130
Stack trace:
#0 W:\home\angler\framework\db\ar\CActiveRecord.php(145): CComponent->__get('name')
#1 W:\home\angler\www\protected\views\site\profile.php(28): CActiveRecord->__get('name')
#2 W:\home\angler\framework\web\CBaseController.php(126): require('W:\home\angler\...')
#3 W:\home\angler\framework\web\CBaseController.php(95): CBaseController->renderInternal('W:\home\angler\...', Array, true)
#4 W:\home\angler\framework\web\CController.php(869): CBaseController->renderFile('W:\home\angler\...', Array, true)
#5 W:\home\angler\framework\web\CController.php(782): CController->renderPartial('profile', Array, true)
#6 W:\home\angler\www\protected\controllers\SiteController.php(125): CController->render('profile', Array)
#7 W:\home\angler\framework\web\actions\CInlineAction.php(49): SiteController->actionProfile()
#8 W:\home\angler\framework\web\CController.php(308): CInlineAction->runWithParams(Array)
#9 W:\home\angler\framework\web\CController.php(286): CController->runAction(Object(CInlineAction))
#10 W:\home\angler\framework\web\CController.php(265): CController->runActionWithFilters(Object(CInlineAction), Array)
#11 W:\home\angler\framework\web\CWebApplication.php(282): CController->run('profile')
#12 W:\home\angler\framework\web\CWebApplication.php(141): CWebApplication->runController('site/profile')
#13 W:\home\angler\framework\base\CApplication.php(180): CWebApplication->processRequest()
#14 W:\home\angler\www\index.php(26): CApplication->run()
#15 {main}
REQUEST_URI=/index.php?r=site/profile
HTTP_REFERER=http://angler/index.php
---
2014/08/21 17:03:25 [error] [exception.CException] exception 'CException' with message 'Property "ProfileForm.name" is not defined.' in W:\home\angler\framework\base\CComponent.php:130
Stack trace:
#0 W:\home\angler\framework\web\helpers\CHtml.php(2529): CComponent->__get('name')
#1 W:\home\angler\framework\web\helpers\CHtml.php(2252): CHtml::resolveValue(Object(ProfileForm), 'name')
#2 W:\home\angler\framework\web\helpers\CHtml.php(1434): CHtml::activeInputField('text', Object(ProfileForm), 'name', Array)
#3 W:\home\angler\framework\web\widgets\CActiveForm.php(725): CHtml::activeTextField(Object(ProfileForm), 'name', Array)
#4 W:\home\angler\www\protected\views\site\profile.php(37): CActiveForm->textField(Object(ProfileForm), 'name')
#5 W:\home\angler\framework\web\CBaseController.php(126): require('W:\home\angler\...')
#6 W:\home\angler\framework\web\CBaseController.php(95): CBaseController->renderInternal('W:\home\angler\...', Array, true)
#7 W:\home\angler\framework\web\CController.php(869): CBaseController->renderFile('W:\home\angler\...', Array, true)
#8 W:\home\angler\framework\web\CController.php(782): CController->renderPartial('profile', Array, true)
#9 W:\home\angler\www\protected\controllers\SiteController.php(125): CController->render('profile', Array)
#10 W:\home\angler\framework\web\actions\CInlineAction.php(49): SiteController->actionProfile()
#11 W:\home\angler\framework\web\CController.php(308): CInlineAction->runWithParams(Array)
#12 W:\home\angler\framework\web\CController.php(286): CController->runAction(Object(CInlineAction))
#13 W:\home\angler\framework\web\CController.php(265): CController->runActionWithFilters(Object(CInlineAction), Array)
#14 W:\home\angler\framework\web\CWebApplication.php(282): CController->run('profile')
#15 W:\home\angler\framework\web\CWebApplication.php(141): CWebApplication->runController('site/profile')
#16 W:\home\angler\framework\base\CApplication.php(180): CWebApplication->processRequest()
#17 W:\home\angler\www\index.php(26): CApplication->run()
#18 {main}
REQUEST_URI=/index.php?r=site/profile
HTTP_REFERER=http://angler/index.php
---
2014/08/21 17:12:39 [error] [exception.CException] exception 'CException' with message 'Property "SiteController." is not defined.' in W:\home\angler\framework\base\CComponent.php:173
Stack trace:
#0 W:\home\angler\framework\base\CModel.php(489): CComponent->__set('', NULL)
#1 W:\home\angler\www\protected\views\site\profile.php(10): CModel->unsetAttributes(Object(ProfileForm))
#2 W:\home\angler\framework\web\CBaseController.php(126): require('W:\home\angler\...')
#3 W:\home\angler\framework\web\CBaseController.php(95): CBaseController->renderInternal('W:\home\angler\...', Array, true)
#4 W:\home\angler\framework\web\CController.php(869): CBaseController->renderFile('W:\home\angler\...', Array, true)
#5 W:\home\angler\framework\web\CController.php(782): CController->renderPartial('profile', Array, true)
#6 W:\home\angler\www\protected\controllers\SiteController.php(125): CController->render('profile', Array)
#7 W:\home\angler\framework\web\actions\CInlineAction.php(49): SiteController->actionProfile()
#8 W:\home\angler\framework\web\CController.php(308): CInlineAction->runWithParams(Array)
#9 W:\home\angler\framework\web\CController.php(286): CController->runAction(Object(CInlineAction))
#10 W:\home\angler\framework\web\CController.php(265): CController->runActionWithFilters(Object(CInlineAction), Array)
#11 W:\home\angler\framework\web\CWebApplication.php(282): CController->run('profile')
#12 W:\home\angler\framework\web\CWebApplication.php(141): CWebApplication->runController('site/profile')
#13 W:\home\angler\framework\base\CApplication.php(180): CWebApplication->processRequest()
#14 W:\home\angler\www\index.php(26): CApplication->run()
#15 {main}
REQUEST_URI=/index.php?r=site/profile
---
2014/08/21 17:23:37 [error] [exception.CException] exception 'CException' with message 'Property "ProfileForm.mail" is not defined.' in W:\home\angler\framework\base\CComponent.php:130
Stack trace:
#0 W:\home\angler\framework\web\helpers\CHtml.php(2529): CComponent->__get('mail')
#1 W:\home\angler\framework\web\helpers\CHtml.php(2252): CHtml::resolveValue(Object(ProfileForm), 'mail')
#2 W:\home\angler\framework\web\helpers\CHtml.php(1434): CHtml::activeInputField('text', Object(ProfileForm), 'mail', Array)
#3 W:\home\angler\framework\web\widgets\CActiveForm.php(725): CHtml::activeTextField(Object(ProfileForm), 'mail', Array)
#4 W:\home\angler\www\protected\views\site\profile.php(30): CActiveForm->textField(Object(ProfileForm), 'mail')
#5 W:\home\angler\framework\web\CBaseController.php(126): require('W:\home\angler\...')
#6 W:\home\angler\framework\web\CBaseController.php(95): CBaseController->renderInternal('W:\home\angler\...', Array, true)
#7 W:\home\angler\framework\web\CController.php(869): CBaseController->renderFile('W:\home\angler\...', Array, true)
#8 W:\home\angler\framework\web\CController.php(782): CController->renderPartial('profile', Array, true)
#9 W:\home\angler\www\protected\controllers\SiteController.php(125): CController->render('profile', Array)
#10 W:\home\angler\framework\web\actions\CInlineAction.php(49): SiteController->actionProfile()
#11 W:\home\angler\framework\web\CController.php(308): CInlineAction->runWithParams(Array)
#12 W:\home\angler\framework\web\CController.php(286): CController->runAction(Object(CInlineAction))
#13 W:\home\angler\framework\web\CController.php(265): CController->runActionWithFilters(Object(CInlineAction), Array)
#14 W:\home\angler\framework\web\CWebApplication.php(282): CController->run('profile')
#15 W:\home\angler\framework\web\CWebApplication.php(141): CWebApplication->runController('site/profile')
#16 W:\home\angler\framework\base\CApplication.php(180): CWebApplication->processRequest()
#17 W:\home\angler\www\index.php(26): CApplication->run()
#18 {main}
REQUEST_URI=/index.php?r=site/profile
HTTP_REFERER=http://angler/index.php
---
